# JRE version: OpenJDK Runtime Environment Temurin-21.0.12.1+1 (21.0.12.1+1) (build 21.0.12.1+1-LTS)
# Java VM: OpenJDK 64-Bit Server VM Temurin-21.0.12.1+1 (21.0.12.1+1-LTS, mixed mode, sharing, tiered, compressed oops, compressed class ptrs, parallel gc, windows-amd64)
GC Precious Log:
 CardTable entry size: 512
 CPUs: 4 total, 4 available
 Memory: 3522M
 Large Page Support: Disabled
 NUMA Support: Disabled
 Compressed Oops: Enabled (32-bit)
 Alignments: Space 512K, Generation 512K, Heap 2M
 Heap Min Capacity: 100M
 Heap Initial Capacity: 100M
 Heap Max Capacity: 2G
 Pre-touch: Disabled
 Parallel Workers: 4
Heap:
 PSYoungGen      total 11264K, used 11099K [0x00000000d5580000, 0x00000000d6580000, 0x0000000100000000)
  eden space 6144K, 99% used [0x00000000d5580000,0x00000000d5b7c068,0x00000000d5b80000)
  from space 5120K, 97% used [0x00000000d5b80000,0x00000000d605ad18,0x00000000d6080000)
  to   space 5120K, 37% used [0x00000000d6080000,0x00000000d62606e8,0x00000000d6580000)
 ParOldGen       total 414208K, used 413702K [0x0000000080000000, 0x0000000099480000, 0x00000000d5580000)
  object space 414208K, 99% used [0x0000000080000000,0x00000000994019f0,0x0000000099480000)
 Metaspace       used 52352K, committed 53632K, reserved 1114112K
  class space    used 5739K, committed 6272K, reserved 1048576K
GC Heap History (20 events):
Event: 29.896 GC heap before
{Heap before GC invocations=270 (full 2):
 PSYoungGen      total 8192K, used 8053K [0x00000000d5580000, 0x00000000d6200000, 0x0000000100000000)
  eden space 5120K, 99% used [0x00000000d5580000,0x00000000d5a757f8,0x00000000d5a80000)
  from space 3072K, 96% used [0x00000000d5c00000,0x00000000d5ee8000,0x00000000d5f00000)
  to   space 3072K, 0% used [0x00000000d5f00000,0x00000000d5f00000,0x00000000d6200000)
 ParOldGen       total 398848K, used 398727K [0x0000000080000000, 0x0000000098580000, 0x00000000d5580000)
  object space 398848K, 99% used [0x0000000080000000,0x0000000098561c10,0x0000000098580000)
 Metaspace       used 50801K, committed 52096K, reserved 1114112K
  class space    used 5568K, committed 6080K, reserved 1048576K
}
Event: 29.902 GC heap after
{Heap after GC invocations=270 (full 2):
 PSYoungGen      total 5632K, used 96K [0x00000000d5580000, 0x00000000d5f80000, 0x0000000100000000)
  eden space 5120K, 0% used [0x00000000d5580000,0x00000000d5580000,0x00000000d5a80000)
  from space 512K, 18% used [0x00000000d5f00000,0x00000000d5f18000,0x00000000d5f80000)
  to   space 1536K, 0% used [0x00000000d5c80000,0x00000000d5c80000,0x00000000d5e00000)
 ParOldGen       total 401920K, used 401663K [0x0000000080000000, 0x0000000098880000, 0x00000000d5580000)
  object space 401920K, 99% used [0x0000000080000000,0x000000009883fc10,0x0000000098880000)
 Metaspace       used 50801K, committed 52096K, reserved 1114112K
  class space    used 5568K, committed 6080K, reserved 1048576K
}
Event: 29.998 GC heap before
{Heap before GC invocations=271 (full 2):
 PSYoungGen      total 5632K, used 5216K [0x00000000d5580000, 0x00000000d5f80000, 0x0000000100000000)
  eden space 5120K, 100% used [0x00000000d5580000,0x00000000d5a80000,0x00000000d5a80000)
  from space 512K, 18% used [0x00000000d5f00000,0x00000000d5f18000,0x00000000d5f80000)
  to   space 1536K, 0% used [0x00000000d5c80000,0x00000000d5c80000,0x00000000d5e00000)
 ParOldGen       total 401920K, used 401663K [0x0000000080000000, 0x0000000098880000, 0x00000000d5580000)
  object space 401920K, 99% used [0x0000000080000000,0x000000009883fc10,0x0000000098880000)
 Metaspace       used 50893K, committed 52160K, reserved 1114112K
  class space    used 5596K, committed 6144K, reserved 1048576K
}
Event: 30.000 GC heap after
{Heap after GC invocations=271 (full 2):
 PSYoungGen      total 6656K, used 96K [0x00000000d5580000, 0x00000000d5f80000, 0x0000000100000000)
  eden space 5120K, 0% used [0x00000000d5580000,0x00000000d5580000,0x00000000d5a80000)
  from space 1536K, 6% used [0x00000000d5c80000,0x00000000d5c98000,0x00000000d5e00000)
  to   space 512K, 0% used [0x00000000d5f00000,0x00000000d5f00000,0x00000000d5f80000)
 ParOldGen       total 401920K, used 401711K [0x0000000080000000, 0x0000000098880000, 0x00000000d5580000)
  object space 401920K, 99% used [0x0000000080000000,0x000000009884bc10,0x0000000098880000)
 Metaspace       used 50893K, committed 52160K, reserved 1114112K
  class space    used 5596K, committed 6144K, reserved 1048576K
}
Event: 30.180 GC heap before
{Heap before GC invocations=272 (full 2):
 PSYoungGen      total 6656K, used 5215K [0x00000000d5580000, 0x00000000d5f80000, 0x0000000100000000)
  eden space 5120K, 99% used [0x00000000d5580000,0x00000000d5a7fef8,0x00000000d5a80000)
  from space 1536K, 6% used [0x00000000d5c80000,0x00000000d5c98000,0x00000000d5e00000)
  to   space 512K, 0% used [0x00000000d5f00000,0x00000000d5f00000,0x00000000d5f80000)
 ParOldGen       total 401920K, used 401711K [0x0000000080000000, 0x0000000098880000, 0x00000000d5580000)
  object space 401920K, 99% used [0x0000000080000000,0x000000009884bc10,0x0000000098880000)
 Metaspace       used 51183K, committed 52416K, reserved 1114112K
  class space    used 5622K, committed 6144K, reserved 1048576K
}
Event: 30.186 GC heap after
{Heap after GC invocations=272 (full 2):
 PSYoungGen      total 5632K, used 192K [0x00000000d5580000, 0x00000000d5f80000, 0x0000000100000000)
  eden space 5120K, 0% used [0x00000000d5580000,0x00000000d5580000,0x00000000d5a80000)
  from space 512K, 37% used [0x00000000d5f00000,0x00000000d5f30000,0x00000000d5f80000)
  to   space 512K, 0% used [0x00000000d5e80000,0x00000000d5e80000,0x00000000d5f00000)
 ParOldGen       total 401920K, used 401743K [0x0000000080000000, 0x0000000098880000, 0x00000000d5580000)
  object space 401920K, 99% used [0x0000000080000000,0x0000000098853c10,0x0000000098880000)
 Metaspace       used 51183K, committed 52416K, reserved 1114112K
  class space    used 5622K, committed 6144K, reserved 1048576K
}
Event: 30.319 GC heap before
{Heap before GC invocations=273 (full 2):
 PSYoungGen      total 5632K, used 5312K [0x00000000d5580000, 0x00000000d5f80000, 0x0000000100000000)
  eden space 5120K, 100% used [0x00000000d5580000,0x00000000d5a80000,0x00000000d5a80000)
  from space 512K, 37% used [0x00000000d5f00000,0x00000000d5f30000,0x00000000d5f80000)
  to   space 512K, 0% used [0x00000000d5e80000,0x00000000d5e80000,0x00000000d5f00000)
 ParOldGen       total 401920K, used 401743K [0x0000000080000000, 0x0000000098880000, 0x00000000d5580000)
  object space 401920K, 99% used [0x0000000080000000,0x0000000098853c10,0x0000000098880000)
 Metaspace       used 51460K, committed 52736K, reserved 1114112K
  class space    used 5650K, committed 6208K, reserved 1048576K
}
Event: 30.324 GC heap after
{Heap after GC invocations=273 (full 2):
 PSYoungGen      total 5632K, used 160K [0x00000000d5580000, 0x00000000d5f80000, 0x0000000100000000)
  eden space 5120K, 0% used [0x00000000d5580000,0x00000000d5580000,0x00000000d5a80000)
  from space 512K, 31% used [0x00000000d5e80000,0x00000000d5ea8010,0x00000000d5f00000)
  to   space 512K, 0% used [0x00000000d5f00000,0x00000000d5f00000,0x00000000d5f80000)
 ParOldGen       total 401920K, used 401887K [0x0000000080000000, 0x0000000098880000, 0x00000000d5580000)
  object space 401920K, 99% used [0x0000000080000000,0x0000000098877c10,0x0000000098880000)
 Metaspace       used 51460K, committed 52736K, reserved 1114112K
  class space    used 5650K, committed 6208K, reserved 1048576K
}
Event: 30.429 GC heap before
{Heap before GC invocations=274 (full 2):
 PSYoungGen      total 5632K, used 5280K [0x00000000d5580000, 0x00000000d5f80000, 0x0000000100000000)
  eden space 5120K, 100% used [0x00000000d5580000,0x00000000d5a80000,0x00000000d5a80000)
  from space 512K, 31% used [0x00000000d5e80000,0x00000000d5ea8010,0x00000000d5f00000)
  to   space 512K, 0% used [0x00000000d5f00000,0x00000000d5f00000,0x00000000d5f80000)
 ParOldGen       total 401920K, used 401887K [0x0000000080000000, 0x0000000098880000, 0x00000000d5580000)
  object space 401920K, 99% used [0x0000000080000000,0x0000000098877c10,0x0000000098880000)
 Metaspace       used 51764K, committed 52992K, reserved 1114112K
  class space    used 5679K, committed 6208K, reserved 1048576K
}
Event: 30.433 GC heap after
{Heap after GC invocations=274 (full 2):
 PSYoungGen      total 5632K, used 160K [0x00000000d5580000, 0x00000000d5f80000, 0x0000000100000000)
  eden space 5120K, 0% used [0x00000000d5580000,0x00000000d5580000,0x00000000d5a80000)
  from space 512K, 31% used [0x00000000d5f00000,0x00000000d5f28000,0x00000000d5f80000)
  to   space 512K, 0% used [0x00000000d5e80000,0x00000000d5e80000,0x00000000d5f00000)
 ParOldGen       total 402432K, used 402007K [0x0000000080000000, 0x0000000098900000, 0x00000000d5580000)
  object space 402432K, 99% used [0x0000000080000000,0x0000000098895c20,0x0000000098900000)
 Metaspace       used 51764K, committed 52992K, reserved 1114112K
  class space    used 5679K, committed 6208K, reserved 1048576K
}
Event: 30.532 GC heap before
{Heap before GC invocations=275 (full 2):
 PSYoungGen      total 5632K, used 5280K [0x00000000d5580000, 0x00000000d5f80000, 0x0000000100000000)
  eden space 5120K, 100% used [0x00000000d5580000,0x00000000d5a80000,0x00000000d5a80000)
  from space 512K, 31% used [0x00000000d5f00000,0x00000000d5f28000,0x00000000d5f80000)
  to   space 512K, 0% used [0x00000000d5e80000,0x00000000d5e80000,0x00000000d5f00000)
 ParOldGen       total 402432K, used 402007K [0x0000000080000000, 0x0000000098900000, 0x00000000d5580000)
  object space 402432K, 99% used [0x0000000080000000,0x0000000098895c20,0x0000000098900000)
 Metaspace       used 51965K, committed 53184K, reserved 1114112K
  class space    used 5697K, committed 6208K, reserved 1048576K
}
Event: 30.536 GC heap after
{Heap after GC invocations=275 (full 2):
 PSYoungGen      total 5632K, used 488K [0x00000000d5580000, 0x00000000d5f80000, 0x0000000100000000)
  eden space 5120K, 0% used [0x00000000d5580000,0x00000000d5580000,0x00000000d5a80000)
  from space 512K, 95% used [0x00000000d5e80000,0x00000000d5efa3d8,0x00000000d5f00000)
  to   space 512K, 0% used [0x00000000d5f00000,0x00000000d5f00000,0x00000000d5f80000)
 ParOldGen       total 403456K, used 403023K [0x0000000080000000, 0x0000000098a00000, 0x00000000d5580000)
  object space 403456K, 99% used [0x0000000080000000,0x0000000098993c20,0x0000000098a00000)
 Metaspace       used 51965K, committed 53184K, reserved 1114112K
  class space    used 5697K, committed 6208K, reserved 1048576K
}
Event: 30.549 GC heap before
{Heap before GC invocations=276 (full 2):
 PSYoungGen      total 5632K, used 5608K [0x00000000d5580000, 0x00000000d5f80000, 0x0000000100000000)
  eden space 5120K, 100% used [0x00000000d5580000,0x00000000d5a80000,0x00000000d5a80000)
  from space 512K, 95% used [0x00000000d5e80000,0x00000000d5efa3d8,0x00000000d5f00000)
  to   space 512K, 0% used [0x00000000d5f00000,0x00000000d5f00000,0x00000000d5f80000)
 ParOldGen       total 403456K, used 403023K [0x0000000080000000, 0x0000000098a00000, 0x00000000d5580000)
  object space 403456K, 99% used [0x0000000080000000,0x0000000098993c20,0x0000000098a00000)
 Metaspace       used 51965K, committed 53184K, reserved 1114112K
  class space    used 5697K, committed 6208K, reserved 1048576K
}
Event: 30.554 GC heap after
{Heap after GC invocations=276 (full 2):
 PSYoungGen      total 5632K, used 512K [0x00000000d5580000, 0x00000000d5f80000, 0x0000000100000000)
  eden space 5120K, 0% used [0x00000000d5580000,0x00000000d5580000,0x00000000d5a80000)
  from space 512K, 100% used [0x00000000d5f00000,0x00000000d5f80000,0x00000000d5f80000)
  to   space 2560K, 0% used [0x00000000d5a80000,0x00000000d5a80000,0x00000000d5d00000)
 ParOldGen       total 404992K, used 404834K [0x0000000080000000, 0x0000000098b80000, 0x00000000d5580000)
  object space 404992K, 99% used [0x0000000080000000,0x0000000098b58ad8,0x0000000098b80000)
 Metaspace       used 51965K, committed 53184K, reserved 1114112K
  class space    used 5697K, committed 6208K, reserved 1048576K
}
Event: 30.578 GC heap before
{Heap before GC invocations=277 (full 2):
 PSYoungGen      total 5632K, used 5632K [0x00000000d5580000, 0x00000000d5f80000, 0x0000000100000000)
  eden space 5120K, 100% used [0x00000000d5580000,0x00000000d5a80000,0x00000000d5a80000)
  from space 512K, 100% used [0x00000000d5f00000,0x00000000d5f80000,0x00000000d5f80000)
  to   space 2560K, 0% used [0x00000000d5a80000,0x00000000d5a80000,0x00000000d5d00000)
 ParOldGen       total 404992K, used 404834K [0x0000000080000000, 0x0000000098b80000, 0x00000000d5580000)
  object space 404992K, 99% used [0x0000000080000000,0x0000000098b58ad8,0x0000000098b80000)
 Metaspace       used 51969K, committed 53184K, reserved 1114112K
  class space    used 5698K, committed 6208K, reserved 1048576K
}
Event: 30.586 GC heap after
{Heap after GC invocations=277 (full 2):
 PSYoungGen      total 7680K, used 2529K [0x00000000d5580000, 0x00000000d6680000, 0x0000000100000000)
  eden space 5120K, 0% used [0x00000000d5580000,0x00000000d5580000,0x00000000d5a80000)
  from space 2560K, 98% used [0x00000000d5a80000,0x00000000d5cf8788,0x00000000d5d00000)
  to   space 6144K, 0% used [0x00000000d6080000,0x00000000d6080000,0x00000000d6680000)
 ParOldGen       total 408064K, used 407730K [0x0000000080000000, 0x0000000098e80000, 0x00000000d5580000)
  object space 408064K, 99% used [0x0000000080000000,0x0000000098e2cad8,0x0000000098e80000)
 Metaspace       used 51969K, committed 53184K, reserved 1114112K
  class space    used 5698K, committed 6208K, reserved 1048576K
}
Event: 30.615 GC heap before
{Heap before GC invocations=278 (full 2):
 PSYoungGen      total 7680K, used 7649K [0x00000000d5580000, 0x00000000d6680000, 0x0000000100000000)
  eden space 5120K, 100% used [0x00000000d5580000,0x00000000d5a80000,0x00000000d5a80000)
  from space 2560K, 98% used [0x00000000d5a80000,0x00000000d5cf8788,0x00000000d5d00000)
  to   space 6144K, 0% used [0x00000000d6080000,0x00000000d6080000,0x00000000d6680000)
 ParOldGen       total 408064K, used 407730K [0x0000000080000000, 0x0000000098e80000, 0x00000000d5580000)
  object space 408064K, 99% used [0x0000000080000000,0x0000000098e2cad8,0x0000000098e80000)
 Metaspace       used 51993K, committed 53184K, reserved 1114112K
  class space    used 5698K, committed 6208K, reserved 1048576K
}
Event: 30.625 GC heap after
{Heap after GC invocations=278 (full 2):
 PSYoungGen      total 10240K, used 4739K [0x00000000d5580000, 0x00000000d6580000, 0x0000000100000000)
  eden space 5120K, 0% used [0x00000000d5580000,0x00000000d5580000,0x00000000d5a80000)
  from space 5120K, 92% used [0x00000000d6080000,0x00000000d6520e18,0x00000000d6580000)
  to   space 5120K, 0% used [0x00000000d5b80000,0x00000000d5b80000,0x00000000d6080000)
 ParOldGen       total 410624K, used 410133K [0x0000000080000000, 0x0000000099100000, 0x00000000d5580000)
  object space 410624K, 99% used [0x0000000080000000,0x00000000990857c8,0x0000000099100000)
 Metaspace       used 51993K, committed 53184K, reserved 1114112K
  class space    used 5698K, committed 6208K, reserved 1048576K
}
Event: 30.650 GC heap before
{Heap before GC invocations=279 (full 2):
 PSYoungGen      total 10240K, used 9859K [0x00000000d5580000, 0x00000000d6580000, 0x0000000100000000)
  eden space 5120K, 100% used [0x00000000d5580000,0x00000000d5a80000,0x00000000d5a80000)
  from space 5120K, 92% used [0x00000000d6080000,0x00000000d6520e18,0x00000000d6580000)
  to   space 5120K, 0% used [0x00000000d5b80000,0x00000000d5b80000,0x00000000d6080000)
 ParOldGen       total 410624K, used 410133K [0x0000000080000000, 0x0000000099100000, 0x00000000d5580000)
  object space 410624K, 99% used [0x0000000080000000,0x00000000990857c8,0x0000000099100000)
 Metaspace       used 51994K, committed 53184K, reserved 1114112K
  class space    used 5698K, committed 6208K, reserved 1048576K
}
Event: 30.662 GC heap after
{Heap after GC invocations=279 (full 2):
 PSYoungGen      total 11264K, used 4971K [0x00000000d5580000, 0x00000000d6580000, 0x0000000100000000)
  eden space 6144K, 0% used [0x00000000d5580000,0x00000000d5580000,0x00000000d5b80000)
  from space 5120K, 97% used [0x00000000d5b80000,0x00000000d605ad18,0x00000000d6080000)
  to   space 5120K, 0% used [0x00000000d6080000,0x00000000d6080000,0x00000000d6580000)
 ParOldGen       total 413184K, used 412782K [0x0000000080000000, 0x0000000099380000, 0x00000000d5580000)
  object space 413184K, 99% used [0x0000000080000000,0x000000009931b9f0,0x0000000099380000)
 Metaspace       used 51994K, committed 53184K, reserved 1114112K
  class space    used 5698K, committed 6208K, reserved 1048576K
}

